<?xml version="1.0" encoding="UTF-8"?>
<testng-results skipped="0" failed="0" ignored="0" total="3" passed="3">
  <reporter-output>
  </reporter-output>
  <suite name="Default suite" duration-ms="3880" started-at="2021-07-09T15:02:45 IST" finished-at="2021-07-09T15:02:49 IST">
    <groups>
    </groups>
    <test name="Default test" duration-ms="3880" started-at="2021-07-09T15:02:45 IST" finished-at="2021-07-09T15:02:49 IST">
      <class name="Files.DynamicJson">
        <test-method status="PASS" signature="addBook(java.lang.String,java.lang.String)[pri:0, instance:Files.DynamicJson@1f7030a6]" name="addBook" duration-ms="3467" started-at="2021-07-09T15:02:45 IST" data-provider="Bookdata" finished-at="2021-07-09T15:02:49 IST">
          <params>
            <param index="0">
              <value>
                <![CDATA[jgfs]]>
              </value>
            </param>
            <param index="1">
              <value>
                <![CDATA[3648]]>
              </value>
            </param>
          </params>
          <reporter-output>
          </reporter-output>
        </test-method> <!-- addBook -->
        <test-method status="PASS" signature="addBook(java.lang.String,java.lang.String)[pri:0, instance:Files.DynamicJson@1f7030a6]" name="addBook" duration-ms="176" started-at="2021-07-09T15:02:49 IST" data-provider="Bookdata" finished-at="2021-07-09T15:02:49 IST">
          <params>
            <param index="0">
              <value>
                <![CDATA[jjds]]>
              </value>
            </param>
            <param index="1">
              <value>
                <![CDATA[7634]]>
              </value>
            </param>
          </params>
          <reporter-output>
          </reporter-output>
        </test-method> <!-- addBook -->
        <test-method status="PASS" signature="addBook(java.lang.String,java.lang.String)[pri:0, instance:Files.DynamicJson@1f7030a6]" name="addBook" duration-ms="156" started-at="2021-07-09T15:02:49 IST" data-provider="Bookdata" finished-at="2021-07-09T15:02:49 IST">
          <params>
            <param index="0">
              <value>
                <![CDATA[erlk]]>
              </value>
            </param>
            <param index="1">
              <value>
                <![CDATA[0987]]>
              </value>
            </param>
          </params>
          <reporter-output>
          </reporter-output>
        </test-method> <!-- addBook -->
      </class> <!-- Files.DynamicJson -->
    </test> <!-- Default test -->
  </suite> <!-- Default suite -->
</testng-results>
