<?xml version="1.0" encoding="UTF-8"?>
<!-- Generated by org.testng.reporters.JUnitXMLReporter -->
<testsuite hostname="LAPTOP-436H1A9M" ignored="0" name="Default test" tests="3" failures="0" timestamp="2021-07-09T15:02:49 IST" time="3.88" errors="0">
  <testcase name="addBook" time="3.467" classname="Files.DynamicJson"/>
  <testcase name="addBook" time="0.176" classname="Files.DynamicJson"/>
  <testcase name="addBook" time="0.156" classname="Files.DynamicJson"/>
</testsuite> <!-- Default test -->
